<?xml version="1.0" encoding="UTF-8"?>
<testsuite xmlns:xsi="http://www.w3.org/2001/XMLSchema-instance" xsi:schemaLocation="https://maven.apache.org/surefire/maven-surefire-plugin/xsd/surefire-test-report.xsd" name="runner.TestRunner" time="19.221" tests="23" errors="22" skipped="0" failures="0">
  <properties>
[...]
</properties>
  <testcase name="The user needs to create a new list in TMDB" classname="List" time="4.942"/>
  <testcase name="The user needs to add a new movie to list" classname="List" time="1.607">
    <error message="The step &quot;A new movie needs to be added to the list in TMDB&quot; is undefined" type="cucumber.runtime.junit.UndefinedThrowable">cucumber.runtime.junit.UndefinedThrowable: The step "A new movie needs to be added to the list in TMDB" is undefined
</error>
    <system-err><![CDATA[[main] INFO net.thucydides.core.steps.ConsoleLoggingListener - 
 _____ _____ ____ _____   ____ _____  _    ____ _____ _____ ____  
|_   _| ____/ ___|_   _| / ___|_   _|/ \  |  _ \_   _| ____|  _ \ 
  | | |  _| \___ \ | |   \___ \ | | / _ \ | |_) || | |  _| | | | |
  | | | |___ ___) || |    ___) || |/ ___ \|  _ < | | | |___| |_| |
  |_| |_____|____/ |_|   |____/ |_/_/   \_\_| \_\|_| |_____|____/ 
                                                                  

TEST STARTED: The user needs to add a new movie to list
-------------------------------------------------------------------(list;the-user-needs-to-add-a-new-movie-to-list)
[main] INFO net.thucydides.core.steps.ConsoleLoggingListener - TEST PENDING
[main] INFO net.thucydides.core.steps.ConsoleLoggingListener - 
          __  _____ _____ ____ _____   ____  _____ _   _ ____ ___ _   _  ____ 
 _       / / |_   _| ____/ ___|_   _| |  _ \| ____| \ | |  _ \_ _| \ | |/ ___|
(_)____ / /    | | |  _| \___ \ | |   | |_) |  _| |  \| | | | | ||  \| | |  _ 
 |_____/ /     | | | |___ ___) || |   |  __/| |___| |\  | |_| | || |\  | |_| |
(_)   /_/      |_| |_____|____/ |_|   |_|   |_____|_| \_|____/___|_| \_|\____|
                                                                                

TEST PENDING: The user needs to add a new movie to list
---------------------------------------------------------------------------------
]]></system-err>
  </testcase>
  <testcase name="The user needs to add a new movie to list" classname="List" time="1.607">
    <error message="The step &quot;The user send a request to add a movie&quot; is undefined" type="cucumber.runtime.junit.UndefinedThrowable">cucumber.runtime.junit.UndefinedThrowable: The step "The user send a request to add a movie" is undefined
</error>
  </testcase>
  <testcase name="The user needs to add a new movie to list" classname="List" time="1.607">
    <error message="The step &quot;Response contains status code&quot; is undefined" type="cucumber.runtime.junit.UndefinedThrowable">cucumber.runtime.junit.UndefinedThrowable: The step "Response contains status code" is undefined
</error>
  </testcase>
  <testcase name="The user needs to add a new movie to list" classname="List" time="1.607">
    <error message="The step &quot;Movie was successfully added&quot; is undefined" type="cucumber.runtime.junit.UndefinedThrowable">cucumber.runtime.junit.UndefinedThrowable: The step "Movie was successfully added" is undefined
</error>
  </testcase>
  <testcase name="The user needs to ask for list details to list" classname="List" time="1.445">
    <error message="The step &quot;Details of the list must be shown&quot; is undefined" type="cucumber.runtime.junit.UndefinedThrowable">cucumber.runtime.junit.UndefinedThrowable: The step "Details of the list must be shown" is undefined
</error>
    <system-err><![CDATA[[main] INFO net.thucydides.core.steps.ConsoleLoggingListener - 
 _____ _____ ____ _____   ____ _____  _    ____ _____ _____ ____  
|_   _| ____/ ___|_   _| / ___|_   _|/ \  |  _ \_   _| ____|  _ \ 
  | | |  _| \___ \ | |   \___ \ | | / _ \ | |_) || | |  _| | | | |
  | | | |___ ___) || |    ___) || |/ ___ \|  _ < | | | |___| |_| |
  |_| |_____|____/ |_|   |____/ |_/_/   \_\_| \_\|_| |_____|____/ 
                                                                  

TEST STARTED: The user needs to ask for list details to list
-------------------------------------------------------------------(list;the-user-needs-to-ask-for-list-details-to-list)
[main] INFO net.thucydides.core.steps.ConsoleLoggingListener - TEST PENDING
[main] INFO net.thucydides.core.steps.ConsoleLoggingListener - 
          __  _____ _____ ____ _____   ____  _____ _   _ ____ ___ _   _  ____ 
 _       / / |_   _| ____/ ___|_   _| |  _ \| ____| \ | |  _ \_ _| \ | |/ ___|
(_)____ / /    | | |  _| \___ \ | |   | |_) |  _| |  \| | | | | ||  \| | |  _ 
 |_____/ /     | | | |___ ___) || |   |  __/| |___| |\  | |_| | || |\  | |_| |
(_)   /_/      |_| |_____|____/ |_|   |_|   |_____|_| \_|____/___|_| \_|\____|
                                                                                

TEST PENDING: The user needs to ask for list details to list
---------------------------------------------------------------------------------
]]></system-err>
  </testcase>
  <testcase name="The user needs to ask for list details to list" classname="List" time="1.445">
    <error message="The step &quot;The user send a request to get details of the list&quot; is undefined" type="cucumber.runtime.junit.UndefinedThrowable">cucumber.runtime.junit.UndefinedThrowable: The step "The user send a request to get details of the list" is undefined
</error>
  </testcase>
  <testcase name="The user needs to ask for list details to list" classname="List" time="1.445">
    <error message="The step &quot;Response contains details of the list&quot; is undefined" type="cucumber.runtime.junit.UndefinedThrowable">cucumber.runtime.junit.UndefinedThrowable: The step "Response contains details of the list" is undefined
</error>
  </testcase>
  <testcase name="The user needs to ask for list details to list" classname="List" time="1.396">
    <error message="The step &quot;Details of the list must be shown&quot; is undefined" type="cucumber.runtime.junit.UndefinedThrowable">cucumber.runtime.junit.UndefinedThrowable: The step "Details of the list must be shown" is undefined
</error>
    <system-err><![CDATA[[main] INFO net.thucydides.core.steps.ConsoleLoggingListener - TEST PENDING
[main] INFO net.thucydides.core.steps.ConsoleLoggingListener - 
          __  _____ _____ ____ _____   ____  _____ _   _ ____ ___ _   _  ____ 
 _       / / |_   _| ____/ ___|_   _| |  _ \| ____| \ | |  _ \_ _| \ | |/ ___|
(_)____ / /    | | |  _| \___ \ | |   | |_) |  _| |  \| | | | | ||  \| | |  _ 
 |_____/ /     | | | |___ ___) || |   |  __/| |___| |\  | |_| | || |\  | |_| |
(_)   /_/      |_| |_____|____/ |_|   |_|   |_____|_| \_|____/___|_| \_|\____|
                                                                                

TEST PENDING: The user needs to ask for list details to list
---------------------------------------------------------------------------------
]]></system-err>
  </testcase>
  <testcase name="The user needs to ask for list details to list" classname="List" time="1.396">
    <error message="The step &quot;The user send a request to get details of the list&quot; is undefined" type="cucumber.runtime.junit.UndefinedThrowable">cucumber.runtime.junit.UndefinedThrowable: The step "The user send a request to get details of the list" is undefined
</error>
  </testcase>
  <testcase name="The user needs to ask for list details to list" classname="List" time="1.396">
    <error message="The step &quot;Response contains JSON object for details of the list&quot; is undefined" type="cucumber.runtime.junit.UndefinedThrowable">cucumber.runtime.junit.UndefinedThrowable: The step "Response contains JSON object for details of the list" is undefined
</error>
  </testcase>
  <testcase name="The user needs to verify the items in the list" classname="List" time="1.481">
    <error message="The step &quot;Items contained in list must be shown&quot; is undefined" type="cucumber.runtime.junit.UndefinedThrowable">cucumber.runtime.junit.UndefinedThrowable: The step "Items contained in list must be shown" is undefined
</error>
    <system-err><![CDATA[[main] INFO net.thucydides.core.steps.ConsoleLoggingListener - 
 _____ _____ ____ _____   ____ _____  _    ____ _____ _____ ____  
|_   _| ____/ ___|_   _| / ___|_   _|/ \  |  _ \_   _| ____|  _ \ 
  | | |  _| \___ \ | |   \___ \ | | / _ \ | |_) || | |  _| | | | |
  | | | |___ ___) || |    ___) || |/ ___ \|  _ < | | | |___| |_| |
  |_| |_____|____/ |_|   |____/ |_/_/   \_\_| \_\|_| |_____|____/ 
                                                                  

TEST STARTED: The user needs to verify the items in the list
-------------------------------------------------------------------(list;the-user-needs-to-verify-the-items-in-the-list)
[main] INFO net.thucydides.core.steps.ConsoleLoggingListener - TEST PENDING
[main] INFO net.thucydides.core.steps.ConsoleLoggingListener - 
          __  _____ _____ ____ _____   ____  _____ _   _ ____ ___ _   _  ____ 
 _       / / |_   _| ____/ ___|_   _| |  _ \| ____| \ | |  _ \_ _| \ | |/ ___|
(_)____ / /    | | |  _| \___ \ | |   | |_) |  _| |  \| | | | | ||  \| | |  _ 
 |_____/ /     | | | |___ ___) || |   |  __/| |___| |\  | |_| | || |\  | |_| |
(_)   /_/      |_| |_____|____/ |_|   |_|   |_____|_| \_|____/___|_| \_|\____|
                                                                                

TEST PENDING: The user needs to verify the items in the list
---------------------------------------------------------------------------------
]]></system-err>
  </testcase>
  <testcase name="The user needs to verify the items in the list" classname="List" time="1.481">
    <error message="The step &quot;The user send a request to get items contained in list&quot; is undefined" type="cucumber.runtime.junit.UndefinedThrowable">cucumber.runtime.junit.UndefinedThrowable: The step "The user send a request to get items contained in list" is undefined
</error>
  </testcase>
  <testcase name="The user needs to verify the items in the list" classname="List" time="1.481">
    <error message="The step &quot;Response contains JSON object for items in the list&quot; is undefined" type="cucumber.runtime.junit.UndefinedThrowable">cucumber.runtime.junit.UndefinedThrowable: The step "Response contains JSON object for items in the list" is undefined
</error>
  </testcase>
  <testcase name="The user needs to remove movies in the list" classname="List" time="1.441">
    <error message="The step &quot;Movies in the list must be removed&quot; is undefined" type="cucumber.runtime.junit.UndefinedThrowable">cucumber.runtime.junit.UndefinedThrowable: The step "Movies in the list must be removed" is undefined
</error>
    <system-err><![CDATA[[main] INFO net.thucydides.core.steps.ConsoleLoggingListener - 
 _____ _____ ____ _____   ____ _____  _    ____ _____ _____ ____  
|_   _| ____/ ___|_   _| / ___|_   _|/ \  |  _ \_   _| ____|  _ \ 
  | | |  _| \___ \ | |   \___ \ | | / _ \ | |_) || | |  _| | | | |
  | | | |___ ___) || |    ___) || |/ ___ \|  _ < | | | |___| |_| |
  |_| |_____|____/ |_|   |____/ |_/_/   \_\_| \_\|_| |_____|____/ 
                                                                  

TEST STARTED: The user needs to remove movies in the list
-------------------------------------------------------------------(list;the-user-needs-to-remove-movies-in-the-list)
[main] INFO net.thucydides.core.steps.ConsoleLoggingListener - TEST PENDING
[main] INFO net.thucydides.core.steps.ConsoleLoggingListener - 
          __  _____ _____ ____ _____   ____  _____ _   _ ____ ___ _   _  ____ 
 _       / / |_   _| ____/ ___|_   _| |  _ \| ____| \ | |  _ \_ _| \ | |/ ___|
(_)____ / /    | | |  _| \___ \ | |   | |_) |  _| |  \| | | | | ||  \| | |  _ 
 |_____/ /     | | | |___ ___) || |   |  __/| |___| |\  | |_| | || |\  | |_| |
(_)   /_/      |_| |_____|____/ |_|   |_|   |_____|_| \_|____/___|_| \_|\____|
                                                                                

TEST PENDING: The user needs to remove movies in the list
---------------------------------------------------------------------------------
]]></system-err>
  </testcase>
  <testcase name="The user needs to remove movies in the list" classname="List" time="1.441">
    <error message="The step &quot;The user send a request to remove movies contained in list&quot; is undefined" type="cucumber.runtime.junit.UndefinedThrowable">cucumber.runtime.junit.UndefinedThrowable: The step "The user send a request to remove movies contained in list" is undefined
</error>
  </testcase>
  <testcase name="The user needs to remove movies in the list" classname="List" time="1.441">
    <error message="The step &quot;Response show successful remove of movies&quot; is undefined" type="cucumber.runtime.junit.UndefinedThrowable">cucumber.runtime.junit.UndefinedThrowable: The step "Response show successful remove of movies" is undefined
</error>
  </testcase>
  <testcase name="The user needs to clear records of the list" classname="List" time="1.467">
    <error message="The step &quot;All records in the list must be cleared&quot; is undefined" type="cucumber.runtime.junit.UndefinedThrowable">cucumber.runtime.junit.UndefinedThrowable: The step "All records in the list must be cleared" is undefined
</error>
    <system-err><![CDATA[[main] INFO net.thucydides.core.steps.ConsoleLoggingListener - 
 _____ _____ ____ _____   ____ _____  _    ____ _____ _____ ____  
|_   _| ____/ ___|_   _| / ___|_   _|/ \  |  _ \_   _| ____|  _ \ 
  | | |  _| \___ \ | |   \___ \ | | / _ \ | |_) || | |  _| | | | |
  | | | |___ ___) || |    ___) || |/ ___ \|  _ < | | | |___| |_| |
  |_| |_____|____/ |_|   |____/ |_/_/   \_\_| \_\|_| |_____|____/ 
                                                                  

TEST STARTED: The user needs to clear records of the list
-------------------------------------------------------------------(list;the-user-needs-to-clear-records-of-the-list)
[main] INFO net.thucydides.core.steps.ConsoleLoggingListener - TEST PENDING
[main] INFO net.thucydides.core.steps.ConsoleLoggingListener - 
          __  _____ _____ ____ _____   ____  _____ _   _ ____ ___ _   _  ____ 
 _       / / |_   _| ____/ ___|_   _| |  _ \| ____| \ | |  _ \_ _| \ | |/ ___|
(_)____ / /    | | |  _| \___ \ | |   | |_) |  _| |  \| | | | | ||  \| | |  _ 
 |_____/ /     | | | |___ ___) || |   |  __/| |___| |\  | |_| | || |\  | |_| |
(_)   /_/      |_| |_____|____/ |_|   |_|   |_____|_| \_|____/___|_| \_|\____|
                                                                                

TEST PENDING: The user needs to clear records of the list
---------------------------------------------------------------------------------
]]></system-err>
  </testcase>
  <testcase name="The user needs to clear records of the list" classname="List" time="1.467">
    <error message="The step &quot;The user send a request to clear the list&quot; is undefined" type="cucumber.runtime.junit.UndefinedThrowable">cucumber.runtime.junit.UndefinedThrowable: The step "The user send a request to clear the list" is undefined
</error>
  </testcase>
  <testcase name="The user needs to clear records of the list" classname="List" time="1.467">
    <error message="The step &quot;Response show successful clear of the list&quot; is undefined" type="cucumber.runtime.junit.UndefinedThrowable">cucumber.runtime.junit.UndefinedThrowable: The step "Response show successful clear of the list" is undefined
</error>
  </testcase>
  <testcase name="The user needs to delete the list" classname="List" time="1.382">
    <error message="The step &quot;List must be erased from TMDb&quot; is undefined" type="cucumber.runtime.junit.UndefinedThrowable">cucumber.runtime.junit.UndefinedThrowable: The step "List must be erased from TMDb" is undefined
</error>
    <system-err><![CDATA[[main] INFO net.thucydides.core.steps.ConsoleLoggingListener - 
 _____ _____ ____ _____   ____ _____  _    ____ _____ _____ ____  
|_   _| ____/ ___|_   _| / ___|_   _|/ \  |  _ \_   _| ____|  _ \ 
  | | |  _| \___ \ | |   \___ \ | | / _ \ | |_) || | |  _| | | | |
  | | | |___ ___) || |    ___) || |/ ___ \|  _ < | | | |___| |_| |
  |_| |_____|____/ |_|   |____/ |_/_/   \_\_| \_\|_| |_____|____/ 
                                                                  

TEST STARTED: The user needs to delete the list
-------------------------------------------------------------------(list;the-user-needs-to-delete-the-list)
[main] INFO net.thucydides.core.steps.ConsoleLoggingListener - TEST PENDING
[main] INFO net.thucydides.core.steps.ConsoleLoggingListener - 
          __  _____ _____ ____ _____   ____  _____ _   _ ____ ___ _   _  ____ 
 _       / / |_   _| ____/ ___|_   _| |  _ \| ____| \ | |  _ \_ _| \ | |/ ___|
(_)____ / /    | | |  _| \___ \ | |   | |_) |  _| |  \| | | | | ||  \| | |  _ 
 |_____/ /     | | | |___ ___) || |   |  __/| |___| |\  | |_| | || |\  | |_| |
(_)   /_/      |_| |_____|____/ |_|   |_|   |_____|_| \_|____/___|_| \_|\____|
                                                                                

TEST PENDING: The user needs to delete the list
---------------------------------------------------------------------------------
]]></system-err>
  </testcase>
  <testcase name="The user needs to delete the list" classname="List" time="1.382">
    <error message="The step &quot;The user send a request to delete the list&quot; is undefined" type="cucumber.runtime.junit.UndefinedThrowable">cucumber.runtime.junit.UndefinedThrowable: The step "The user send a request to delete the list" is undefined
</error>
  </testcase>
  <testcase name="The user needs to delete the list" classname="List" time="1.383">
    <error message="The step &quot;Response show successful delete of the list&quot; is undefined" type="cucumber.runtime.junit.UndefinedThrowable">cucumber.runtime.junit.UndefinedThrowable: The step "Response show successful delete of the list" is undefined
</error>
  </testcase>
</testsuite>