<?xml version="1.0" encoding="UTF-8"?>
<testsuite xmlns:xsi="http://www.w3.org/2001/XMLSchema-instance" xsi:schemaLocation="https://maven.apache.org/surefire/maven-surefire-plugin/xsd/surefire-test-report.xsd" name="runner.TestRunner" time="7.205" tests="10" errors="10" skipped="0" failures="0">
  <properties>
[...]
</properties>
  <testcase name="Create a new request token for session" classname="Authentication" time="0.285">
    <error message="Arity mismatch: Step Definition &apos;steps.NewTokenStep.aNewRequestTokenNeedsToBeCreatedForSession() in file:/C:/Users/fgiraldo/Documents/The%20MovieDB/target/test-classes/&apos; with pattern [^A new request token needs to be created for session$] is declared with 0 parameters. However, the gherkin step has 1 arguments [Table:[[api_key], [3fb4c73306abfe5787339b5dba7276ba]]]. &#10;Step text: A new request token needs to be created for session" type="cucumber.runtime.CucumberException">cucumber.runtime.CucumberException: 
Arity mismatch: Step Definition 'steps.NewTokenStep.aNewRequestTokenNeedsToBeCreatedForSession() in file:/C:/Users/fgiraldo/Documents/The%20MovieDB/target/test-classes/' with pattern [^A new request token needs to be created for session$] is declared with 0 parameters. However, the gherkin step has 1 arguments [Table:[[api_key], [3fb4c73306abfe5787339b5dba7276ba]]]. 
Step text: A new request token needs to be created for session
</error>
    <system-err><![CDATA[[main] INFO net.thucydides.core.steps.ConsoleLoggingListener - 

-------------------------------------------------------------------------------------
     _______. _______ .______       _______ .__   __.  __  .___________.____    ____ 
    /       ||   ____||   _  \     |   ____||  \ |  | |  | |           |\   \  /   / 
   |   (----`|  |__   |  |_)  |    |  |__   |   \|  | |  | `---|  |----` \   \/   /  
    \   \    |   __|  |      /     |   __|  |  . `  | |  |     |  |       \_    _/   
.----)   |   |  |____ |  |\  \----.|  |____ |  |\   | |  |     |  |         |  |     
|_______/    |_______|| _| `._____||_______||__| \__| |__|     |__|         |__|    
                                                                                     
 News and tutorials at http://www.serenity-bdd.info                                  
 Documentation at https://wakaleo.gitbooks.io/the-serenity-book/content/             
 Join the Serenity Community on Rocket Chat at https://serenity-bdd.rocket.chat      
 Serenity BDD Support and Training at http://serenity-bdd.info/#/trainingandsupport  
 Learn Serenity BDD online at http://serenity-dojo.com                               
-------------------------------------------------------------------------------------

[main] INFO net.thucydides.core.steps.ConsoleLoggingListener - Test Suite Started: Authentication
[main] INFO net.thucydides.core.steps.ConsoleLoggingListener - 
 _____ _____ ____ _____   ____ _____  _    ____ _____ _____ ____  
|_   _| ____/ ___|_   _| / ___|_   _|/ \  |  _ \_   _| ____|  _ \ 
  | | |  _| \___ \ | |   \___ \ | | / _ \ | |_) || | |  _| | | | |
  | | | |___ ___) || |    ___) || |/ ___ \|  _ < | | | |___| |_| |
  |_| |_____|____/ |_|   |____/ |_/_/   \_\_| \_\|_| |_____|____/ 
                                                                  

TEST STARTED: Create a new request token for session
-------------------------------------------------------------------(authentication;create-a-new-request-token-for-session)
[main] INFO net.thucydides.core.steps.ConsoleLoggingListener - TEST PENDING
[main] ERROR net.thucydides.core.steps.ConsoleLoggingListener - 
           __  _____ _____ ____ _____   _____ _    ___ _     _____ ____  
  _       / / |_   _| ____/ ___|_   _| |  ___/ \  |_ _| |   | ____|  _ \ 
 (_)_____| |    | | |  _| \___ \ | |   | |_ / _ \  | || |   |  _| | | | |
  _|_____| |    | | | |___ ___) || |   |  _/ ___ \ | || |___| |___| |_| |
 (_)     | |    |_| |_____|____/ |_|   |_|/_/   \_\___|_____|_____|____/ 
          \_\                                                            

TEST FAILED WITH ERROR: Create a new request token for session
---------------------------------------------------------------------
[main] ERROR net.thucydides.core.steps.ConsoleLoggingListener - TEST FAILED AT STEP Given A new request token needs to be created for session | api_key | | 3fb4c73306abfe5787339b5dba7276ba |
[main] ERROR net.thucydides.core.steps.ConsoleLoggingListener - Arity mismatch: Step Definition 'steps.NewTokenStep.aNewRequestTokenNeedsToBeCreatedForSession() in file:/C:/Users/fgiraldo/Documents/The%20MovieDB/target/test-classes/' with pattern [^A new request token needs to be created for session$] is declared with 0 parameters. However, the gherkin step has 1 arguments [Table:[[api_key], [3fb4c73306abfe5787339b5dba7276ba]]]. 
]]></system-err>
  </testcase>
  <testcase name="Create a new request token for session" classname="Authentication" time="0.285">
    <error message="The step &quot;The user send a request to get a new request token&quot; is undefined" type="cucumber.runtime.junit.UndefinedThrowable">cucumber.runtime.junit.UndefinedThrowable: The step "The user send a request to get a new request token" is undefined
</error>
  </testcase>
  <testcase name="Create a new request token for session" classname="Authentication" time="0.285">
    <error message="The step &quot;The service returns request token&quot; is undefined" type="cucumber.runtime.junit.UndefinedThrowable">cucumber.runtime.junit.UndefinedThrowable: The step "The service returns request token" is undefined
</error>
  </testcase>
  <testcase name="Create a new request token for session" classname="Authentication" time="0.285">
    <error message="The step &quot;with a status code &quot;200&quot;&quot; is undefined" type="cucumber.runtime.junit.UndefinedThrowable">cucumber.runtime.junit.UndefinedThrowable: The step "with a status code "200"" is undefined
</error>
  </testcase>
  <testcase name="Test session with login" classname="Authentication" time="0.031">
    <error message="The step &quot;A new validation for a request token needs to be done&quot; is undefined" type="cucumber.runtime.junit.UndefinedThrowable">cucumber.runtime.junit.UndefinedThrowable: The step "A new validation for a request token needs to be done" is undefined
</error>
    <system-err><![CDATA[[main] INFO net.thucydides.core.steps.ConsoleLoggingListener - 
 _____ _____ ____ _____   ____ _____  _    ____ _____ _____ ____  
|_   _| ____/ ___|_   _| / ___|_   _|/ \  |  _ \_   _| ____|  _ \ 
  | | |  _| \___ \ | |   \___ \ | | / _ \ | |_) || | |  _| | | | |
  | | | |___ ___) || |    ___) || |/ ___ \|  _ < | | | |___| |_| |
  |_| |_____|____/ |_|   |____/ |_/_/   \_\_| \_\|_| |_____|____/ 
                                                                  

TEST STARTED: Test session with login
-------------------------------------------------------------------(authentication;test-session-with-login)
[main] INFO net.thucydides.core.steps.ConsoleLoggingListener - TEST PENDING
[main] INFO net.thucydides.core.steps.ConsoleLoggingListener - 
          __  _____ _____ ____ _____   ____  _____ _   _ ____ ___ _   _  ____ 
 _       / / |_   _| ____/ ___|_   _| |  _ \| ____| \ | |  _ \_ _| \ | |/ ___|
(_)____ / /    | | |  _| \___ \ | |   | |_) |  _| |  \| | | | | ||  \| | |  _ 
 |_____/ /     | | | |___ ___) || |   |  __/| |___| |\  | |_| | || |\  | |_| |
(_)   /_/      |_| |_____|____/ |_|   |_|   |_____|_| \_|____/___|_| \_|\____|
                                                                                

TEST PENDING: Test session with login
---------------------------------------------------------------------------------
]]></system-err>
  </testcase>
  <testcase name="Test session with login" classname="Authentication" time="0.031">
    <error message="The step &quot;The user send a request to make a new guest session&quot; is undefined" type="cucumber.runtime.junit.UndefinedThrowable">cucumber.runtime.junit.UndefinedThrowable: The step "The user send a request to make a new guest session" is undefined
</error>
  </testcase>
  <testcase name="Test session with login" classname="Authentication" time="0.031">
    <error message="The step &quot;The service returns api_key with a status code &quot;200&quot;&quot; is undefined" type="cucumber.runtime.junit.UndefinedThrowable">cucumber.runtime.junit.UndefinedThrowable: The step "The service returns api_key with a status code "200"" is undefined
</error>
  </testcase>
  <testcase name="Create session" classname="Authentication" time="0.032">
    <error message="The step &quot;Creating a fully valid session ID is needed&quot; is undefined" type="cucumber.runtime.junit.UndefinedThrowable">cucumber.runtime.junit.UndefinedThrowable: The step "Creating a fully valid session ID is needed" is undefined
</error>
    <system-err><![CDATA[[main] INFO net.thucydides.core.steps.ConsoleLoggingListener - 
 _____ _____ ____ _____   ____ _____  _    ____ _____ _____ ____  
|_   _| ____/ ___|_   _| / ___|_   _|/ \  |  _ \_   _| ____|  _ \ 
  | | |  _| \___ \ | |   \___ \ | | / _ \ | |_) || | |  _| | | | |
  | | | |___ ___) || |    ___) || |/ ___ \|  _ < | | | |___| |_| |
  |_| |_____|____/ |_|   |____/ |_/_/   \_\_| \_\|_| |_____|____/ 
                                                                  

TEST STARTED: Create session
-------------------------------------------------------------------(authentication;create-session)
[main] INFO net.thucydides.core.steps.ConsoleLoggingListener - TEST PENDING
[main] INFO net.thucydides.core.steps.ConsoleLoggingListener - 
          __  _____ _____ ____ _____   ____  _____ _   _ ____ ___ _   _  ____ 
 _       / / |_   _| ____/ ___|_   _| |  _ \| ____| \ | |  _ \_ _| \ | |/ ___|
(_)____ / /    | | |  _| \___ \ | |   | |_) |  _| |  \| | | | | ||  \| | |  _ 
 |_____/ /     | | | |___ ___) || |   |  __/| |___| |\  | |_| | || |\  | |_| |
(_)   /_/      |_| |_____|____/ |_|   |_|   |_____|_| \_|____/___|_| \_|\____|
                                                                                

TEST PENDING: Create session
---------------------------------------------------------------------------------
]]></system-err>
  </testcase>
  <testcase name="Create session" classname="Authentication" time="0.032">
    <error message="The step &quot;The user send a request to make a session&quot; is undefined" type="cucumber.runtime.junit.UndefinedThrowable">cucumber.runtime.junit.UndefinedThrowable: The step "The user send a request to make a session" is undefined
</error>
  </testcase>
  <testcase name="Create session" classname="Authentication" time="0.032">
    <error message="The step &quot;The service returns a status code &quot;200&quot;&quot; is undefined" type="cucumber.runtime.junit.UndefinedThrowable">cucumber.runtime.junit.UndefinedThrowable: The step "The service returns a status code "200"" is undefined
</error>
  </testcase>
</testsuite>