<?xml version="1.0" encoding="UTF-8"?>
<testsuite xmlns:xsi="http://www.w3.org/2001/XMLSchema-instance" xsi:schemaLocation="https://maven.apache.org/surefire/maven-surefire-plugin/xsd/surefire-test-report.xsd" name="runner.TestRunner" time="35.496" tests="15" errors="2" skipped="0" failures="0">
  <properties>
[...]
</properties>
  <testcase name="The user needs a valid guest session created with its API Key" classname="Authentication" time="3.496"/>
  <testcase name="The user needs a valid session created with its API Key" classname="Authentication" time="1.272"/>
  <testcase name="The user needs to create a new list in TMDB" classname="List" time="1.806"/>
  <testcase name="The user needs to add a new movie to the list" classname="List" time="2.095"/>
  <testcase name="The user needs to ask for the list details of the created list" classname="List" time="1.651">
    <error message="java.lang.IllegalStateException: Expected BEGIN_OBJECT but was STRING at line 1 column 1 path $" type="com.google.gson.JsonSyntaxException">com.google.gson.JsonSyntaxException: java.lang.IllegalStateException: Expected BEGIN_OBJECT but was STRING at line 1 column 1 path $
Caused by: java.lang.IllegalStateException: Expected BEGIN_OBJECT but was STRING at line 1 column 1 path $
</error>
    <system-err><![CDATA[[main] INFO net.thucydides.core.steps.ConsoleLoggingListener - 
 _____ _____ ____ _____   ____ _____  _    ____ _____ _____ ____  
|_   _| ____/ ___|_   _| / ___|_   _|/ \  |  _ \_   _| ____|  _ \ 
  | | |  _| \___ \ | |   \___ \ | | / _ \ | |_) || | |  _| | | | |
  | | | |___ ___) || |    ___) || |/ ___ \|  _ < | | | |___| |_| |
  |_| |_____|____/ |_|   |____/ |_/_/   \_\_| \_\|_| |_____|____/ 
                                                                  

TEST STARTED: The user needs to ask for the list details of the created list
-------------------------------------------------------------------(list;the-user-needs-to-ask-for-the-list-details-of-the-created-list)
[main] ERROR net.thucydides.core.steps.ConsoleLoggingListener - 
           __  _____ _____ ____ _____   _____ _    ___ _     _____ ____  
  _       / / |_   _| ____/ ___|_   _| |  ___/ \  |_ _| |   | ____|  _ \ 
 (_)_____| |    | | |  _| \___ \ | |   | |_ / _ \  | || |   |  _| | | | |
  _|_____| |    | | | |___ ___) || |   |  _/ ___ \ | || |___| |___| |_| |
 (_)     | |    |_| |_____|____/ |_|   |_|/_/   \_\___|_____|_____|____/ 
          \_\                                                            

TEST FAILED WITH ERROR: The user needs to ask for the list details of the created list
---------------------------------------------------------------------
[main] ERROR net.thucydides.core.steps.ConsoleLoggingListener - TEST FAILED AT STEP Then the response contains details of the list
[main] ERROR net.thucydides.core.steps.ConsoleLoggingListener - Expected BEGIN_OBJECT but was STRING at line 1 column 1 path $
]]></system-err>
  </testcase>
  <testcase name="The user needs to verify the items in the list" classname="List" time="1.849">
    <error message="java.lang.IllegalStateException: Expected BEGIN_OBJECT but was STRING at line 1 column 1 path $" type="com.google.gson.JsonSyntaxException">com.google.gson.JsonSyntaxException: java.lang.IllegalStateException: Expected BEGIN_OBJECT but was STRING at line 1 column 1 path $
Caused by: java.lang.IllegalStateException: Expected BEGIN_OBJECT but was STRING at line 1 column 1 path $
</error>
    <system-err><![CDATA[[main] INFO net.thucydides.core.steps.ConsoleLoggingListener - 
 _____ _____ ____ _____   ____ _____  _    ____ _____ _____ ____  
|_   _| ____/ ___|_   _| / ___|_   _|/ \  |  _ \_   _| ____|  _ \ 
  | | |  _| \___ \ | |   \___ \ | | / _ \ | |_) || | |  _| | | | |
  | | | |___ ___) || |    ___) || |/ ___ \|  _ < | | | |___| |_| |
  |_| |_____|____/ |_|   |____/ |_/_/   \_\_| \_\|_| |_____|____/ 
                                                                  

TEST STARTED: The user needs to verify the items in the list
-------------------------------------------------------------------(list;the-user-needs-to-verify-the-items-in-the-list)
[main] ERROR net.thucydides.core.steps.ConsoleLoggingListener - 
           __  _____ _____ ____ _____   _____ _    ___ _     _____ ____  
  _       / / |_   _| ____/ ___|_   _| |  ___/ \  |_ _| |   | ____|  _ \ 
 (_)_____| |    | | |  _| \___ \ | |   | |_ / _ \  | || |   |  _| | | | |
  _|_____| |    | | | |___ ___) || |   |  _/ ___ \ | || |___| |___| |_| |
 (_)     | |    |_| |_____|____/ |_|   |_|/_/   \_\___|_____|_____|____/ 
          \_\                                                            

TEST FAILED WITH ERROR: The user needs to verify the items in the list
---------------------------------------------------------------------
[main] ERROR net.thucydides.core.steps.ConsoleLoggingListener - TEST FAILED AT STEP Then the response contains information of items in the list
[main] ERROR net.thucydides.core.steps.ConsoleLoggingListener - Expected BEGIN_OBJECT but was STRING at line 1 column 1 path $
]]></system-err>
  </testcase>
  <testcase name="The user needs to remove movies in the list" classname="List" time="2.461"/>
  <testcase name="The user needs to clear records of the list" classname="List" time="2.411"/>
  <testcase name="The user needs to delete the list" classname="List" time="1.775"/>
  <testcase name="The user needs to rate a movie in TMDB" classname="Movie Rate" time="1.446"/>
  <testcase name="The user needs to delete a rate of a movie in TMDB" classname="Movie Rate" time="1.49"/>
  <testcase name="The user needs to rate a TV episode in TMDB" classname="TV Episodes Rate" time="1.655"/>
  <testcase name="The user needs to delete a rate of a TV episode in TMDB" classname="TV Episodes Rate" time="1.491"/>
  <testcase name="The user needs to rate a TV show in TMDB" classname="TV Shows Rate" time="1.582"/>
  <testcase name="The user needs to delete a rate of a TV show in TMDB" classname="TV Shows Rate" time="1.476"/>
</testsuite>