<?xml version="1.0" encoding="UTF-8"?><testsuite errors="1" failures="0" name="Authentication" skipped="2" tests="3" time="71.14" timestamp="2020-02-27 04:36:36"><testcase name="Create a new request token for session"><error message="Expected BEGIN_OBJECT but was STRING at line 1 column 1 path $" type="java.lang.IllegalStateException">Expected BEGIN_OBJECT but was STRING at line 1 column 1 path $</error><system-err>Expected BEGIN_OBJECT but was STRING at line 1 column 1 path $&#13;
com.google.gson.stream.JsonReader.beginObject(JsonReader.java:385)&#13;
com.google.gson.Gson.fromJson(Gson.java:922)&#13;
com.google.gson.Gson.fromJson(Gson.java:887)&#13;
com.google.gson.Gson.fromJson(Gson.java:836)&#13;
com.google.gson.Gson.fromJson(Gson.java:808)&#13;
helpers.JsonHelper.responseToRequestsObj(JsonHelper.java:17)&#13;
controllers.AuthenticationController.TakeAPIResponse(AuthenticationController.java:46)&#13;
controllers.AuthenticationController.SessionWithLogin(AuthenticationController.java:52)&#13;
controllers.AuthenticationController.CreateSession(AuthenticationController.java:72)&#13;
controllers.AuthenticationController.Authenticate(AuthenticationController.java:35)&#13;
steps.NewTokenStep.aNewRequestTokenNeedsToBeCreatedForSession(NewTokenStep.java:30)&#13;
cucumber.runner.Runner.runPickle(Runner.java:80)&#13;
</system-err></testcase><testcase name="Test session with login"><skipped/></testcase><testcase name="Create session"><skipped/></testcase></testsuite>