<?xml version="1.0" encoding="UTF-8"?><testsuite errors="0" failures="0" name="List" skipped="6" tests="7" time="15.31" timestamp="2020-02-28 07:42:49"><testcase name="The user needs to create a new list in TMDB"/><testcase name="The user needs to add a new movie to list"><skipped/></testcase><testcase name="The user needs to ask for list details to list"><skipped/></testcase><testcase name="The user needs to verify the items in the list"><skipped/></testcase><testcase name="The user needs to remove movies in the list"><skipped/></testcase><testcase name="The user needs to clear records of the list"><skipped/></testcase><testcase name="The user needs to delete the list"><skipped/></testcase></testsuite>